c:\users\adam\projects\read_process_memory\read_process_memory\x64\debug\read_process_memory.pch.codeanalysis
c:\users\adam\projects\read_process_memory\read_process_memory\x64\debug\vc140.pdb
c:\users\adam\projects\read_process_memory\read_process_memory\x64\debug\vc140.idb
c:\users\adam\projects\read_process_memory\read_process_memory\x64\debug\read_process_memory.pch.codeanalysisast
c:\users\adam\projects\read_process_memory\read_process_memory\x64\debug\stdafx.nativecodeanalysis.xml
c:\users\adam\projects\read_process_memory\read_process_memory\x64\debug\stdafx.obj
c:\users\adam\projects\read_process_memory\read_process_memory\x64\debug\read_process_memory.nativecodeanalysis.xml
c:\users\adam\projects\read_process_memory\read_process_memory\x64\debug\read_process_memory.obj
c:\users\adam\projects\read_process_memory\x64\debug\read_process_memory.ilk
c:\users\adam\projects\read_process_memory\x64\debug\read_process_memory.exe
c:\users\adam\projects\read_process_memory\x64\debug\read_process_memory.pdb
c:\users\adam\projects\read_process_memory\read_process_memory\x64\debug\nativecodeanalysis.read.1.tlog
c:\users\adam\projects\read_process_memory\read_process_memory\x64\debug\vc.nativecodeanalysis.all.xml
c:\users\adam\projects\read_process_memory\x64\debug\read_process_memory.exe.lastcodeanalysissucceeded
c:\users\adam\projects\read_process_memory\read_process_memory\x64\debug\read_pro.0c560d5d.tlog\cl.command.1.tlog
c:\users\adam\projects\read_process_memory\read_process_memory\x64\debug\read_pro.0c560d5d.tlog\cl.read.1.tlog
c:\users\adam\projects\read_process_memory\read_process_memory\x64\debug\read_pro.0c560d5d.tlog\cl.write.1.tlog
c:\users\adam\projects\read_process_memory\read_process_memory\x64\debug\read_pro.0c560d5d.tlog\link.command.1.tlog
c:\users\adam\projects\read_process_memory\read_process_memory\x64\debug\read_pro.0c560d5d.tlog\link.read.1.tlog
c:\users\adam\projects\read_process_memory\read_process_memory\x64\debug\read_pro.0c560d5d.tlog\link.write.1.tlog
